<?xml version="1.0" encoding="UTF-8"?>
<testsuite name="com.challenge.universe.CoordinateTest" tests="9" skipped="0" failures="0" errors="0" timestamp="2017-10-01T10:20:47" hostname="uzzaman-macOS" time="0.002">
  <properties/>
  <testcase name="immutableCoordinatesAreCreatedForNewStepSize" classname="com.challenge.universe.CoordinateTest" time="0.001"/>
  <testcase name="xCoordinatesAreIncrementedForPositiveValue" classname="com.challenge.universe.CoordinateTest" time="0.0"/>
  <testcase name="yCoordinatesAreIncrementedForPositiveValue" classname="com.challenge.universe.CoordinateTest" time="0.0"/>
  <testcase name="xCoordinatesAreDecrementedForNegativeValue" classname="com.challenge.universe.CoordinateTest" time="0.0"/>
  <testcase name="pointWithYCoordinateWithinBoundaryAreIdentified" classname="com.challenge.universe.CoordinateTest" time="0.0"/>
  <testcase name="yCoordinatesAreDecrementedForNegativeValue" classname="com.challenge.universe.CoordinateTest" time="0.001"/>
  <testcase name="pointsWithYCoordinateOutsideBoundaryAreIdentified" classname="com.challenge.universe.CoordinateTest" time="0.0"/>
  <testcase name="pointsWithXCoordinateOutsideBoundaryAreIdentified" classname="com.challenge.universe.CoordinateTest" time="0.0"/>
  <testcase name="pointWithXCoordinateWithinBoundaryAreIdentified" classname="com.challenge.universe.CoordinateTest" time="0.0"/>
  <system-out><![CDATA[]]></system-out>
  <system-err><![CDATA[]]></system-err>
</testsuite>
