<?xml version="1.0" encoding="UTF-8"?>
<testsuite name="com.challenge.commands.MoveCommandTest" tests="1" skipped="0" failures="0" errors="0" timestamp="2017-10-01T10:20:47" hostname="uzzaman-macOS" time="0.003">
  <properties/>
  <testcase name="testThatMoveCommandMovesTheNavigableObject" classname="com.challenge.commands.MoveCommandTest" time="0.003"/>
  <system-out><![CDATA[]]></system-out>
  <system-err><![CDATA[]]></system-err>
</testsuite>
