<?xml version="1.0" encoding="UTF-8"?>
<testsuite name="com.challenge.universe.DirectionTest" tests="16" skipped="0" failures="0" errors="0" timestamp="2017-10-01T10:20:47" hostname="uzzaman-macOS" time="0.002">
  <properties/>
  <testcase name="southIsOnRightOfEast" classname="com.challenge.universe.DirectionTest" time="0.0"/>
  <testcase name="eastIsOneStepForwardOnXAxis" classname="com.challenge.universe.DirectionTest" time="0.0"/>
  <testcase name="northIsOnRightOfWest" classname="com.challenge.universe.DirectionTest" time="0.0"/>
  <testcase name="westIsOnRightOfSouth" classname="com.challenge.universe.DirectionTest" time="0.0"/>
  <testcase name="northIsStationaryOnXAxis" classname="com.challenge.universe.DirectionTest" time="0.0"/>
  <testcase name="westIsStationaryOnYAxis" classname="com.challenge.universe.DirectionTest" time="0.0"/>
  <testcase name="eastIsOnLeftOfSouth" classname="com.challenge.universe.DirectionTest" time="0.0"/>
  <testcase name="southIsOnLeftOfWest" classname="com.challenge.universe.DirectionTest" time="0.0"/>
  <testcase name="westIsOneStepBackOnXAxis" classname="com.challenge.universe.DirectionTest" time="0.0"/>
  <testcase name="northIsOnLeftOfEast" classname="com.challenge.universe.DirectionTest" time="0.0"/>
  <testcase name="southIsOneStepBackOnYAxis" classname="com.challenge.universe.DirectionTest" time="0.0"/>
  <testcase name="eastIsOnRightOfNorth" classname="com.challenge.universe.DirectionTest" time="0.0"/>
  <testcase name="northIsOneStepForwardOnYAxis" classname="com.challenge.universe.DirectionTest" time="0.0"/>
  <testcase name="southIsStationaryOnXAxis" classname="com.challenge.universe.DirectionTest" time="0.0"/>
  <testcase name="westIsOnLeftOfNorth" classname="com.challenge.universe.DirectionTest" time="0.0"/>
  <testcase name="eastIsStationaryOnYAxis" classname="com.challenge.universe.DirectionTest" time="0.0"/>
  <system-out><![CDATA[]]></system-out>
  <system-err><![CDATA[]]></system-err>
</testsuite>
