<?xml version="1.0" encoding="UTF-8"?>
<testsuite name="com.challenge.universe.PlateauTest" tests="5" skipped="0" failures="0" errors="0" timestamp="2017-10-01T10:20:47" hostname="uzzaman-macOS" time="0.0">
  <properties/>
  <testcase name="locationWithPositiveYCoordinateOutsideBoundsIsIdentified" classname="com.challenge.universe.PlateauTest" time="0.0"/>
  <testcase name="locationWithNegativeXCoordinateOutsideBoundsIsIdentified" classname="com.challenge.universe.PlateauTest" time="0.0"/>
  <testcase name="locationWithCoordinateWithinBoundsIsIdentified" classname="com.challenge.universe.PlateauTest" time="0.0"/>
  <testcase name="locationWithPositiveXCoordinateOutsideBoundsIsIdentified" classname="com.challenge.universe.PlateauTest" time="0.0"/>
  <testcase name="locationWithNegativeYCoordinateOutsideBoundsIsIdentified" classname="com.challenge.universe.PlateauTest" time="0.0"/>
  <system-out><![CDATA[]]></system-out>
  <system-err><![CDATA[]]></system-err>
</testsuite>
