<?xml version="1.0" encoding="UTF-8"?>
<testsuite name="com.challenge.commands.RotateLeftCommandTest" tests="1" skipped="0" failures="0" errors="0" timestamp="2017-10-01T10:20:47" hostname="uzzaman-macOS" time="0.0">
  <properties/>
  <testcase name="testThatRotateLeftCommandRotatesTheNavigableObjectLeft" classname="com.challenge.commands.RotateLeftCommandTest" time="0.0"/>
  <system-out><![CDATA[]]></system-out>
  <system-err><![CDATA[]]></system-err>
</testsuite>
