<?xml version="1.0" encoding="UTF-8"?>
<testsuite name="MarsRoverTest" tests="9" skipped="0" failures="0" errors="0" timestamp="2017-10-01T10:20:47" hostname="uzzaman-macOS" time="0.002">
  <properties/>
  <testcase name="canRotateLeft" classname="MarsRoverTest" time="0.0"/>
  <testcase name="canRotateRight" classname="MarsRoverTest" time="0.0"/>
  <testcase name="canProvideCurrentLocationAsString" classname="MarsRoverTest" time="0.0"/>
  <testcase name="canRunCommandToRotateLeft" classname="MarsRoverTest" time="0.0"/>
  <testcase name="canMove" classname="MarsRoverTest" time="0.0"/>
  <testcase name="canRunCommandWithMultipleInstructions" classname="MarsRoverTest" time="0.0"/>
  <testcase name="canRunCommandToMove" classname="MarsRoverTest" time="0.001"/>
  <testcase name="canRunCommandToRotateRight" classname="MarsRoverTest" time="0.0"/>
  <testcase name="wontDriveOffPlateau" classname="MarsRoverTest" time="0.0"/>
  <system-out><![CDATA[]]></system-out>
  <system-err><![CDATA[]]></system-err>
</testsuite>
